# JRE version: OpenJDK Runtime Environment (8.0_152-b01) (build 1.8.0_152-release-1248-b01)
# Java VM: OpenJDK 64-Bit Server VM (25.152-b01 mixed mode windows-amd64 compressed oops)
Heap:
 PSYoungGen      total 390656K, used 50631K [0x00000000e0000000, 0x00000000fad80000, 0x0000000100000000)
  eden space 351744K, 4% used [0x00000000e0000000,0x00000000e0e92d98,0x00000000f5780000)
  from space 38912K, 91% used [0x00000000f8100000,0x00000000fa3df230,0x00000000fa700000)
  to   space 42496K, 0% used [0x00000000f5780000,0x00000000f5780000,0x00000000f8100000)
 ParOldGen       total 177152K, used 62922K [0x00000000a0000000, 0x00000000aad00000, 0x00000000e0000000)
  object space 177152K, 35% used [0x00000000a0000000,0x00000000a3d728c8,0x00000000aad00000)
 Metaspace       used 122554K, capacity 129714K, committed 129984K, reserved 1163264K
  class space    used 15206K, capacity 16523K, committed 16616K, reserved 1048576K
GC Heap History (10 events):
Event: 7952.112 GC heap before
{Heap before GC invocations=50 (full 4):
 PSYoungGen      total 376832K, used 360299K [0x00000000e0000000, 0x00000000f9b00000, 0x0000000100000000)
  eden space 339968K, 100% used [0x00000000e0000000,0x00000000f4c00000,0x00000000f4c00000)
  from space 36864K, 55% used [0x00000000f4c00000,0x00000000f5fdafd0,0x00000000f7000000)
  to   space 35840K, 0% used [0x00000000f7800000,0x00000000f7800000,0x00000000f9b00000)
 ParOldGen       total 177152K, used 62378K [0x00000000a0000000, 0x00000000aad00000, 0x00000000e0000000)
  object space 177152K, 35% used [0x00000000a0000000,0x00000000a3cea8b8,0x00000000aad00000)
 Metaspace       used 121827K, capacity 128756K, committed 128832K, reserved 1161216K
  class space    used 15164K, capacity 16450K, committed 16488K, reserved 1048576K
Event: 7952.195 GC heap after
Heap after GC invocations=50 (full 4):
 PSYoungGen      total 378880K, used 21054K [0x00000000e0000000, 0x00000000f9700000, 0x0000000100000000)
  eden space 347136K, 0% used [0x00000000e0000000,0x00000000e0000000,0x00000000f5300000)
  from space 31744K, 66% used [0x00000000f7800000,0x00000000f8c8fb60,0x00000000f9700000)
  to   space 34816K, 0% used [0x00000000f5300000,0x00000000f5300000,0x00000000f7500000)
 ParOldGen       total 177152K, used 62394K [0x00000000a0000000, 0x00000000aad00000, 0x00000000e0000000)
  object space 177152K, 35% used [0x00000000a0000000,0x00000000a3cee8b8,0x00000000aad00000)
 Metaspace       used 121827K, capacity 128756K, committed 128832K, reserved 1161216K
  class space    used 15164K, capacity 16450K, committed 16488K, reserved 1048576K
}
Event: 8051.566 GC heap before
{Heap before GC invocations=51 (full 4):
 PSYoungGen      total 378880K, used 368190K [0x00000000e0000000, 0x00000000f9700000, 0x0000000100000000)
  eden space 347136K, 100% used [0x00000000e0000000,0x00000000f5300000,0x00000000f5300000)
  from space 31744K, 66% used [0x00000000f7800000,0x00000000f8c8fb60,0x00000000f9700000)
  to   space 34816K, 0% used [0x00000000f5300000,0x00000000f5300000,0x00000000f7500000)
 ParOldGen       total 177152K, used 62394K [0x00000000a0000000, 0x00000000aad00000, 0x00000000e0000000)
  object space 177152K, 35% used [0x00000000a0000000,0x00000000a3cee8b8,0x00000000aad00000)
 Metaspace       used 122041K, capacity 129126K, committed 129344K, reserved 1163264K
  class space    used 15180K, capacity 16479K, committed 16488K, reserved 1048576K
Event: 8051.662 GC heap after
Heap after GC invocations=51 (full 4):
 PSYoungGen      total 381952K, used 32764K [0x00000000e0000000, 0x00000000fa400000, 0x0000000100000000)
  eden space 347136K, 0% used [0x00000000e0000000,0x00000000e0000000,0x00000000f5300000)
  from space 34816K, 94% used [0x00000000f5300000,0x00000000f72ff290,0x00000000f7500000)
  to   space 38400K, 0% used [0x00000000f7e80000,0x00000000f7e80000,0x00000000fa400000)
 ParOldGen       total 177152K, used 62418K [0x00000000a0000000, 0x00000000aad00000, 0x00000000e0000000)
  object space 177152K, 35% used [0x00000000a0000000,0x00000000a3cf48b8,0x00000000aad00000)
 Metaspace       used 122041K, capacity 129126K, committed 129344K, reserved 1163264K
  class space    used 15180K, capacity 16479K, committed 16488K, reserved 1048576K
}
Event: 8140.880 GC heap before
{Heap before GC invocations=52 (full 4):
 PSYoungGen      total 381952K, used 379900K [0x00000000e0000000, 0x00000000fa400000, 0x0000000100000000)
  eden space 347136K, 100% used [0x00000000e0000000,0x00000000f5300000,0x00000000f5300000)
  from space 34816K, 94% used [0x00000000f5300000,0x00000000f72ff290,0x00000000f7500000)
  to   space 38400K, 0% used [0x00000000f7e80000,0x00000000f7e80000,0x00000000fa400000)
 ParOldGen       total 177152K, used 62418K [0x00000000a0000000, 0x00000000aad00000, 0x00000000e0000000)
  object space 177152K, 35% used [0x00000000a0000000,0x00000000a3cf48b8,0x00000000aad00000)
 Metaspace       used 122218K, capacity 129226K, committed 129344K, reserved 1163264K
  class space    used 15183K, capacity 16485K, committed 16488K, reserved 1048576K
Event: 8140.980 GC heap after
Heap after GC invocations=52 (full 4):
 PSYoungGen      total 389632K, used 30015K [0x00000000e0000000, 0x00000000fa700000, 0x0000000100000000)
  eden space 351232K, 0% used [0x00000000e0000000,0x00000000e0000000,0x00000000f5700000)
  from space 38400K, 78% used [0x00000000f7e80000,0x00000000f9bcfe18,0x00000000fa400000)
  to   space 40448K, 0% used [0x00000000f5700000,0x00000000f5700000,0x00000000f7e80000)
 ParOldGen       total 177152K, used 62458K [0x00000000a0000000, 0x00000000aad00000, 0x00000000e0000000)
  object space 177152K, 35% used [0x00000000a0000000,0x00000000a3cfe8b8,0x00000000aad00000)
 Metaspace       used 122218K, capacity 129226K, committed 129344K, reserved 1163264K
  class space    used 15183K, capacity 16485K, committed 16488K, reserved 1048576K
}
Event: 8198.936 GC heap before
{Heap before GC invocations=53 (full 4):
 PSYoungGen      total 389632K, used 381247K [0x00000000e0000000, 0x00000000fa700000, 0x0000000100000000)
  eden space 351232K, 100% used [0x00000000e0000000,0x00000000f5700000,0x00000000f5700000)
  from space 38400K, 78% used [0x00000000f7e80000,0x00000000f9bcfe18,0x00000000fa400000)
  to   space 40448K, 0% used [0x00000000f5700000,0x00000000f5700000,0x00000000f7e80000)
 ParOldGen       total 177152K, used 62458K [0x00000000a0000000, 0x00000000aad00000, 0x00000000e0000000)
  object space 177152K, 35% used [0x00000000a0000000,0x00000000a3cfe8b8,0x00000000aad00000)
 Metaspace       used 122416K, capacity 129540K, committed 129728K, reserved 1163264K
  class space    used 15202K, capacity 16516K, committed 16616K, reserved 1048576K
Event: 8198.983 GC heap after
Heap after GC invocations=53 (full 4):
 PSYoungGen      total 391680K, used 19408K [0x00000000e0000000, 0x00000000fa700000, 0x0000000100000000)
  eden space 351232K, 0% used [0x00000000e0000000,0x00000000e0000000,0x00000000f5700000)
  from space 40448K, 47% used [0x00000000f5700000,0x00000000f69f4190,0x00000000f7e80000)
  to   space 38912K, 0% used [0x00000000f8100000,0x00000000f8100000,0x00000000fa700000)
 ParOldGen       total 177152K, used 62498K [0x00000000a0000000, 0x00000000aad00000, 0x00000000e0000000)
  object space 177152K, 35% used [0x00000000a0000000,0x00000000a3d088b8,0x00000000aad00000)
 Metaspace       used 122416K, capacity 129540K, committed 129728K, reserved 1163264K
  class space    used 15202K, capacity 16516K, committed 16616K, reserved 1048576K
}
Event: 8416.678 GC heap before
{Heap before GC invocations=54 (full 4):
 PSYoungGen      total 391680K, used 370640K [0x00000000e0000000, 0x00000000fa700000, 0x0000000100000000)
  eden space 351232K, 100% used [0x00000000e0000000,0x00000000f5700000,0x00000000f5700000)
  from space 40448K, 47% used [0x00000000f5700000,0x00000000f69f4190,0x00000000f7e80000)
  to   space 38912K, 0% used [0x00000000f8100000,0x00000000f8100000,0x00000000fa700000)
 ParOldGen       total 177152K, used 62498K [0x00000000a0000000, 0x00000000aad00000, 0x00000000e0000000)
  object space 177152K, 35% used [0x00000000a0000000,0x00000000a3d088b8,0x00000000aad00000)
 Metaspace       used 122554K, capacity 129714K, committed 129984K, reserved 1163264K
  class space    used 15206K, capacity 16523K, committed 16616K, reserved 1048576K
Event: 8416.935 GC heap after
Heap after GC invocations=54 (full 4):
 PSYoungGen      total 390656K, used 35708K [0x00000000e0000000, 0x00000000fad80000, 0x0000000100000000)
  eden space 351744K, 0% used [0x00000000e0000000,0x00000000e0000000,0x00000000f5780000)
  from space 38912K, 91% used [0x00000000f8100000,0x00000000fa3df230,0x00000000fa700000)
  to   space 42496K, 0% used [0x00000000f5780000,0x00000000f5780000,0x00000000f8100000)
 ParOldGen       total 177152K, used 62922K [0x00000000a0000000, 0x00000000aad00000, 0x00000000e0000000)
  object space 177152K, 35% used [0x00000000a0000000,0x00000000a3d728c8,0x00000000aad00000)
 Metaspace       used 122554K, capacity 129714K, committed 129984K, reserved 1163264K
  class space    used 15206K, capacity 16523K, committed 16616K, reserved 1048576K
}

